<?xml version="1.0" encoding="UTF-8"?>
<testng-results ignored="0" total="1" passed="1" failed="0" skipped="0">
  <reporter-output>
  </reporter-output>
  <suite started-at="2025-09-27T07:30:14 IST" name="E2E-EKart" finished-at="2025-09-27T07:31:08 IST" duration-ms="54644">
    <groups>
    </groups>
    <test started-at="2025-09-27T07:30:14 IST" name="BaseTest" finished-at="2025-09-27T07:31:08 IST" duration-ms="54644">
      <class name="com.org.basicSelenium.BasicSeleniumConcept.BaseTest">
        <test-method is-config="true" signature="BrowserInit()[pri:0, instance:com.org.basicSelenium.BasicSeleniumConcept.BaseTest@32115b28]" started-at="2025-09-27T07:30:14 IST" name="BrowserInit" finished-at="2025-09-27T07:30:21 IST" duration-ms="7557" status="PASS">
          <reporter-output>
          </reporter-output>
        </test-method> <!-- BrowserInit -->
        <test-method signature="FlightHomePageTest()[pri:0, instance:com.org.basicSelenium.BasicSeleniumConcept.BaseTest@32115b28]" started-at="2025-09-27T07:30:21 IST" name="FlightHomePageTest" finished-at="2025-09-27T07:31:06 IST" duration-ms="44969" status="PASS">
          <reporter-output>
          </reporter-output>
        </test-method> <!-- FlightHomePageTest -->
      </class> <!-- com.org.basicSelenium.BasicSeleniumConcept.BaseTest -->
    </test> <!-- BaseTest -->
  </suite> <!-- E2E-EKart -->
</testng-results>
